<?xml version="1.0" encoding="UTF-8" ?>
<testsuite errors="0" failures="0" hostname="Robin" name="practiceUno.RobotTest" tests="7" time="0.268" timestamp="2013-04-02T15:38:36">
  <properties>
[...]
</properties>
  <testcase classname="practiceUno.RobotTest" name="testDiscard" time="0.014" />
  <testcase classname="practiceUno.RobotTest" name="testPlayAHand" time="0.009" />
  <testcase classname="practiceUno.RobotTest" name="testPlayNoShuffle" time="0.009" />
  <testcase classname="practiceUno.RobotTest" name="testPlayKnownHand" time="0.149" />
  <testcase classname="practiceUno.RobotTest" name="testWildonDiscard" time="0.005" />
  <testcase classname="practiceUno.RobotTest" name="testNumberonDiscard" time="0.004" />
  <testcase classname="practiceUno.RobotTest" name="testSpecialonDiscard" time="0.01" />
  <system-out><![CDATA[Adding: 5 YELLOW
Showing hand...
Adding: REVERSE BLUE
Top card is 5 BLUE
Top card is 5 GREEN
Top card is 5 YELLOW
Top card is 5 RED
Top card is SKIP RED
Top card is WILDDRFOUR YELLOW
Top card is WILD YELLOW
Top card is WILDDRFOUR YELLOW
Top card is DRTWO YELLOW
Top card is DRTWO BLUE
Top card is WILD YELLOW
Top card is WILD YELLOW
Top card is WILD YELLOW
Top card is WILDDRFOUR YELLOW
Top card is DRTWO YELLOW
Top card is DRTWO GREEN
Top card is REVERSE GREEN
Top card is DRTWO GREEN
Top card is DRTWO RED
UNO!
Top card is WILDDRFOUR YELLOW
Top card is SKIP YELLOW
Top card is SKIP YELLOW
Top card is SKIP GREEN
Top card is SKIP GREEN
Top card is SKIP RED
Top card is DRTWO RED
Top card is DRTWO BLUE
UNO!
Top card is DRTWO BLUE
I'm all out of cards!
Adding: WILD
Adding: 5 BLUE
Adding: REVERSE GREEN
]]></system-out>
  <system-err><![CDATA[Apr 2, 2013 11:38:36 AM practiceUno.Robot FindCard
INFO: looking at you card : 5 BLUE
Apr 2, 2013 11:38:36 AM practiceUno.Robot FindCard
INFO: Is at -1
Apr 2, 2013 11:38:36 AM practiceUno.Robot PlayAHand
INFO: Trying to decide
Apr 2, 2013 11:38:36 AM practiceUno.Robot Decide
INFO: Entering robot decide function
Apr 2, 2013 11:38:36 AM practiceUno.Robot Decide
INFO: I have 7 cards. 
Apr 2, 2013 11:38:36 AM practiceUno.Robot Decide
INFO: Card 0: 5 GREEN
Apr 2, 2013 11:38:36 AM practiceUno.Robot Decide
INFO: Card 1: WILD
Apr 2, 2013 11:38:36 AM practiceUno.Robot Decide
INFO: Card 2: REVERSE GREEN
Apr 2, 2013 11:38:36 AM practiceUno.Robot Decide
INFO: Card 3: 2 BLUE
Apr 2, 2013 11:38:36 AM practiceUno.Robot Decide
INFO: Card 4: 3 BLUE
Apr 2, 2013 11:38:36 AM practiceUno.Robot Decide
INFO: Card 5: 3 GREEN
Apr 2, 2013 11:38:36 AM practiceUno.Robot Decide
INFO: Card 6: 6 GREEN
Apr 2, 2013 11:38:36 AM practiceUno.Robot Decide
INFO: The top card was a number 5 YELLOW
Apr 2, 2013 11:38:36 AM practiceUno.Robot Decide
INFO: Done deciding
Apr 2, 2013 11:38:36 AM practiceUno.Robot PlayAHand
INFO: Decided 1 5 GREEN
Apr 2, 2013 11:38:36 AM practiceUno.Robot PlayAHand
INFO: Trying to play a card 5 GREEN 5 YELLOW
Apr 2, 2013 11:38:36 AM practiceUno.Robot FindCard
INFO: looking at you card : 5 GREEN
Apr 2, 2013 11:38:36 AM practiceUno.Robot FindCard
INFO: Is at 0
Apr 2, 2013 11:38:36 AM practiceUno.Robot PlayAHand
INFO: End turn
Apr 2, 2013 11:38:36 AM practiceUno.Deck SetUpDiscard
INFO: Setting up discard.
Apr 2, 2013 11:38:36 AM practiceUno.WildCard Wild
INFO: Call for wild called
Apr 2, 2013 11:38:36 AM practiceUno.Deck SetUpDiscard
INFO: Deck shows: WILDDRFOUR RED
Apr 2, 2013 11:38:36 AM practiceUno.Robot PlayAHand
INFO: Trying to decide
Apr 2, 2013 11:38:36 AM practiceUno.Robot Decide
INFO: Entering robot decide function
Apr 2, 2013 11:38:36 AM practiceUno.Robot Decide
INFO: I have 7 cards. 
Apr 2, 2013 11:38:36 AM practiceUno.Robot Decide
INFO: Card 0: WILDDRFOUR RED
Apr 2, 2013 11:38:36 AM practiceUno.Robot Decide
INFO: Card 1: WILDDRFOUR RED
Apr 2, 2013 11:38:36 AM practiceUno.Robot Decide
INFO: Card 2: WILDDRFOUR RED
Apr 2, 2013 11:38:36 AM practiceUno.Robot Decide
INFO: Card 3: WILD
Apr 2, 2013 11:38:36 AM practiceUno.Robot Decide
INFO: Card 4: WILD
Apr 2, 2013 11:38:36 AM practiceUno.Robot Decide
INFO: Card 5: WILD
Apr 2, 2013 11:38:36 AM practiceUno.Robot Decide
INFO: Card 6: WILD
Apr 2, 2013 11:38:36 AM practiceUno.Robot Decide
INFO: The top card was a wild card WILDDRFOUR RED
Apr 2, 2013 11:38:36 AM practiceUno.Robot Decide
INFO: Inside the wild loop WILDDRFOUR RED
Apr 2, 2013 11:38:36 AM practiceUno.Robot Decide
INFO: Inside the wild loop WILDDRFOUR RED
Apr 2, 2013 11:38:36 AM practiceUno.Robot Decide
INFO: Inside the wild loop WILDDRFOUR RED
Apr 2, 2013 11:38:36 AM practiceUno.Robot Decide
INFO: Inside the wild loop WILD
Apr 2, 2013 11:38:36 AM practiceUno.Robot Decide
INFO: Inside the wild loop WILD
Apr 2, 2013 11:38:36 AM practiceUno.Robot Decide
INFO: Inside the wild loop WILD
Apr 2, 2013 11:38:36 AM practiceUno.Robot Decide
INFO: Inside the wild loop WILD
Apr 2, 2013 11:38:36 AM practiceUno.Robot PlayAWild
INFO: Seeing if I have any wild cards in my hand
Apr 2, 2013 11:38:36 AM practiceUno.Robot Decide
INFO: Done deciding
Apr 2, 2013 11:38:36 AM practiceUno.Robot PlayAHand
INFO: Decided 1 WILD
Apr 2, 2013 11:38:36 AM practiceUno.Robot PlayAHand
INFO: Trying to play a card WILD WILDDRFOUR RED
Apr 2, 2013 11:38:36 AM practiceUno.Robot PlayAHand
INFO: Time for a wild card. Choosing yellow
Apr 2, 2013 11:38:36 AM practiceUno.Robot PlayAHand
INFO: Choose yellow
Apr 2, 2013 11:38:36 AM practiceUno.WildCard Wild
INFO: Call for wild called
Apr 2, 2013 11:38:36 AM practiceUno.Robot PlayAHand
INFO: Add to deck
Apr 2, 2013 11:38:36 AM practiceUno.Robot FindCard
INFO: looking at you card : WILD YELLOW
Apr 2, 2013 11:38:36 AM practiceUno.Robot FindCard
INFO: Is at 3
Apr 2, 2013 11:38:36 AM practiceUno.Robot PlayAHand
INFO: removed
Apr 2, 2013 11:38:36 AM practiceUno.Robot PlayAHand
INFO: End turn
Apr 2, 2013 11:38:36 AM practiceUno.Robot PlayAHand
INFO: Trying to decide
Apr 2, 2013 11:38:36 AM practiceUno.Robot Decide
INFO: Entering robot decide function
Apr 2, 2013 11:38:36 AM practiceUno.Robot Decide
INFO: I have 7 cards. 
Apr 2, 2013 11:38:36 AM practiceUno.Robot Decide
INFO: Card 0: 5 BLUE
Apr 2, 2013 11:38:36 AM practiceUno.Robot Decide
INFO: Card 1: 5 GREEN
Apr 2, 2013 11:38:36 AM practiceUno.Robot Decide
INFO: Card 2: 5 YELLOW
Apr 2, 2013 11:38:36 AM practiceUno.Robot Decide
INFO: Card 3: 5 RED
Apr 2, 2013 11:38:36 AM practiceUno.Robot Decide
INFO: Card 4: DRTWO BLUE
Apr 2, 2013 11:38:36 AM practiceUno.Robot Decide
INFO: Card 5: SKIP RED
Apr 2, 2013 11:38:36 AM practiceUno.Robot Decide
INFO: Card 6: REVERSE GREEN
Apr 2, 2013 11:38:36 AM practiceUno.Robot Decide
INFO: The top card was a special card. REVERSE BLUE
Apr 2, 2013 11:38:36 AM practiceUno.Robot Decide
INFO: In special for loop. Card 5 BLUE
Apr 2, 2013 11:38:36 AM practiceUno.Robot Decide
INFO: Done deciding
Apr 2, 2013 11:38:36 AM practiceUno.Robot PlayAHand
INFO: Decided 1 5 BLUE
Apr 2, 2013 11:38:36 AM practiceUno.Robot PlayAHand
INFO: Trying to play a card 5 BLUE REVERSE BLUE
Apr 2, 2013 11:38:36 AM practiceUno.Robot FindCard
INFO: looking at you card : 5 BLUE
Apr 2, 2013 11:38:36 AM practiceUno.Robot FindCard
INFO: Is at 0
Apr 2, 2013 11:38:36 AM practiceUno.Robot PlayAHand
INFO: End turn
Apr 2, 2013 11:38:36 AM practiceUno.Robot PlayAHand
INFO: Trying to decide
Apr 2, 2013 11:38:36 AM practiceUno.Robot Decide
INFO: Entering robot decide function
Apr 2, 2013 11:38:36 AM practiceUno.Robot Decide
INFO: I have 6 cards. 
Apr 2, 2013 11:38:36 AM practiceUno.Robot Decide
INFO: Card 0: 5 GREEN
Apr 2, 2013 11:38:36 AM practiceUno.Robot Decide
INFO: Card 1: 5 YELLOW
Apr 2, 2013 11:38:36 AM practiceUno.Robot Decide
INFO: Card 2: 5 RED
Apr 2, 2013 11:38:36 AM practiceUno.Robot Decide
INFO: Card 3: DRTWO BLUE
Apr 2, 2013 11:38:36 AM practiceUno.Robot Decide
INFO: Card 4: SKIP RED
Apr 2, 2013 11:38:36 AM practiceUno.Robot Decide
INFO: Card 5: REVERSE GREEN
Apr 2, 2013 11:38:36 AM practiceUno.Robot Decide
INFO: The top card was a number 5 BLUE
Apr 2, 2013 11:38:36 AM practiceUno.Robot Decide
INFO: Done deciding
Apr 2, 2013 11:38:36 AM practiceUno.Robot PlayAHand
INFO: Decided 1 5 GREEN
Apr 2, 2013 11:38:36 AM practiceUno.Robot PlayAHand
INFO: Trying to play a card 5 GREEN 5 BLUE
Apr 2, 2013 11:38:36 AM practiceUno.Robot FindCard
INFO: looking at you card : 5 GREEN
Apr 2, 2013 11:38:36 AM practiceUno.Robot FindCard
INFO: Is at 0
Apr 2, 2013 11:38:36 AM practiceUno.Robot PlayAHand
INFO: End turn
Apr 2, 2013 11:38:36 AM practiceUno.Robot PlayAHand
INFO: Trying to decide
Apr 2, 2013 11:38:36 AM practiceUno.Robot Decide
INFO: Entering robot decide function
Apr 2, 2013 11:38:36 AM practiceUno.Robot Decide
INFO: I have 5 cards. 
Apr 2, 2013 11:38:36 AM practiceUno.Robot Decide
INFO: Card 0: 5 YELLOW
Apr 2, 2013 11:38:36 AM practiceUno.Robot Decide
INFO: Card 1: 5 RED
Apr 2, 2013 11:38:36 AM practiceUno.Robot Decide
INFO: Card 2: DRTWO BLUE
Apr 2, 2013 11:38:36 AM practiceUno.Robot Decide
INFO: Card 3: SKIP RED
Apr 2, 2013 11:38:36 AM practiceUno.Robot Decide
INFO: Card 4: REVERSE GREEN
Apr 2, 2013 11:38:36 AM practiceUno.Robot Decide
INFO: The top card was a number 5 GREEN
Apr 2, 2013 11:38:36 AM practiceUno.Robot Decide
INFO: Done deciding
Apr 2, 2013 11:38:36 AM practiceUno.Robot PlayAHand
INFO: Decided 1 5 YELLOW
Apr 2, 2013 11:38:36 AM practiceUno.Robot PlayAHand
INFO: Trying to play a card 5 YELLOW 5 GREEN
Apr 2, 2013 11:38:36 AM practiceUno.Robot FindCard
INFO: looking at you card : 5 YELLOW
Apr 2, 2013 11:38:36 AM practiceUno.Robot FindCard
INFO: Is at 0
Apr 2, 2013 11:38:36 AM practiceUno.Robot PlayAHand
INFO: End turn
Apr 2, 2013 11:38:36 AM practiceUno.Robot PlayAHand
INFO: Trying to decide
Apr 2, 2013 11:38:36 AM practiceUno.Robot Decide
INFO: Entering robot decide function
Apr 2, 2013 11:38:36 AM practiceUno.Robot Decide
INFO: I have 4 cards. 
Apr 2, 2013 11:38:36 AM practiceUno.Robot Decide
INFO: Card 0: 5 RED
Apr 2, 2013 11:38:36 AM practiceUno.Robot Decide
INFO: Card 1: DRTWO BLUE
Apr 2, 2013 11:38:36 AM practiceUno.Robot Decide
INFO: Card 2: SKIP RED
Apr 2, 2013 11:38:36 AM practiceUno.Robot Decide
INFO: Card 3: REVERSE GREEN
Apr 2, 2013 11:38:36 AM practiceUno.Robot Decide
INFO: The top card was a number 5 YELLOW
Apr 2, 2013 11:38:36 AM practiceUno.Robot Decide
INFO: Done deciding
Apr 2, 2013 11:38:36 AM practiceUno.Robot PlayAHand
INFO: Decided 1 5 RED
Apr 2, 2013 11:38:36 AM practiceUno.Robot PlayAHand
INFO: Trying to play a card 5 RED 5 YELLOW
Apr 2, 2013 11:38:36 AM practiceUno.Robot FindCard
INFO: looking at you card : 5 RED
Apr 2, 2013 11:38:36 AM practiceUno.Robot FindCard
INFO: Is at 0
Apr 2, 2013 11:38:36 AM practiceUno.Robot PlayAHand
INFO: End turn
Apr 2, 2013 11:38:36 AM practiceUno.Robot PlayAHand
INFO: Trying to decide
Apr 2, 2013 11:38:36 AM practiceUno.Robot Decide
INFO: Entering robot decide function
Apr 2, 2013 11:38:36 AM practiceUno.Robot Decide
INFO: I have 3 cards. 
Apr 2, 2013 11:38:36 AM practiceUno.Robot Decide
INFO: Card 0: DRTWO BLUE
Apr 2, 2013 11:38:36 AM practiceUno.Robot Decide
INFO: Card 1: SKIP RED
Apr 2, 2013 11:38:36 AM practiceUno.Robot Decide
INFO: Card 2: REVERSE GREEN
Apr 2, 2013 11:38:36 AM practiceUno.Robot Decide
INFO: The top card was a number 5 RED
Apr 2, 2013 11:38:36 AM practiceUno.Robot Decide
INFO: Done deciding
Apr 2, 2013 11:38:36 AM practiceUno.Robot PlayAHand
INFO: Decided 1 SKIP RED
Apr 2, 2013 11:38:36 AM practiceUno.Robot PlayAHand
INFO: Trying to play a card SKIP RED 5 RED
Apr 2, 2013 11:38:36 AM practiceUno.Robot FindCard
INFO: looking at you card : SKIP RED
Apr 2, 2013 11:38:36 AM practiceUno.Robot FindCard
INFO: Is at 1
Apr 2, 2013 11:38:36 AM practiceUno.Robot PlayAHand
INFO: End turn
Apr 2, 2013 11:38:36 AM practiceUno.Robot PlayAHand
INFO: Trying to decide
Apr 2, 2013 11:38:36 AM practiceUno.Robot Decide
INFO: Entering robot decide function
Apr 2, 2013 11:38:36 AM practiceUno.Robot Decide
INFO: I have 2 cards. 
Apr 2, 2013 11:38:36 AM practiceUno.Robot Decide
INFO: Card 0: DRTWO BLUE
Apr 2, 2013 11:38:36 AM practiceUno.Robot Decide
INFO: Card 1: REVERSE GREEN
Apr 2, 2013 11:38:36 AM practiceUno.Robot Decide
INFO: The top card was a special card. SKIP RED
Apr 2, 2013 11:38:36 AM practiceUno.Robot Decide
INFO: In special for loop. Card DRTWO BLUE
Apr 2, 2013 11:38:36 AM practiceUno.Robot Decide
INFO: In special for loop. Card REVERSE GREEN
Apr 2, 2013 11:38:36 AM practiceUno.Robot PlayAWild
INFO: Seeing if I have any wild cards in my hand
Apr 2, 2013 11:38:36 AM practiceUno.Robot Decide
INFO: Done deciding
Apr 2, 2013 11:38:36 AM practiceUno.Robot PlayAHand
INFO: decided 2
Apr 2, 2013 11:38:36 AM practiceUno.Robot PlayAHand
INFO: Need to draw a card
Apr 2, 2013 11:38:36 AM practiceUno.Robot Decide
INFO: Entering robot decide function
Apr 2, 2013 11:38:36 AM practiceUno.Robot Decide
INFO: I have 3 cards. 
Apr 2, 2013 11:38:36 AM practiceUno.Robot Decide
INFO: Card 0: DRTWO BLUE
Apr 2, 2013 11:38:36 AM practiceUno.Robot Decide
INFO: Card 1: REVERSE GREEN
Apr 2, 2013 11:38:36 AM practiceUno.Robot Decide
INFO: Card 2: WILDDRFOUR
Apr 2, 2013 11:38:36 AM practiceUno.Robot Decide
INFO: The top card was a special card. SKIP RED
Apr 2, 2013 11:38:36 AM practiceUno.Robot Decide
INFO: In special for loop. Card DRTWO BLUE
Apr 2, 2013 11:38:36 AM practiceUno.Robot Decide
INFO: In special for loop. Card REVERSE GREEN
Apr 2, 2013 11:38:36 AM practiceUno.Robot Decide
INFO: In special for loop. Card WILDDRFOUR
Apr 2, 2013 11:38:36 AM practiceUno.Robot Decide
INFO: No special match
Apr 2, 2013 11:38:36 AM practiceUno.Robot PlayAWild
INFO: Seeing if I have any wild cards in my hand
Apr 2, 2013 11:38:36 AM practiceUno.Robot Decide
INFO: Done deciding
Apr 2, 2013 11:38:36 AM practiceUno.Robot PlayAHand
INFO: Trying to play a card WILDDRFOUR SKIP RED
Apr 2, 2013 11:38:36 AM practiceUno.Robot PlayAHand
INFO: Time for a wild card. Choosing yellow
Apr 2, 2013 11:38:36 AM practiceUno.Robot PlayAHand
INFO: Choose yellow
Apr 2, 2013 11:38:36 AM practiceUno.WildCard Wild
INFO: Call for wild called
Apr 2, 2013 11:38:36 AM practiceUno.Robot PlayAHand
INFO: Add to deck
Apr 2, 2013 11:38:36 AM practiceUno.Robot FindCard
INFO: looking at you card : WILDDRFOUR YELLOW
Apr 2, 2013 11:38:36 AM practiceUno.Robot FindCard
INFO: Is at 2
Apr 2, 2013 11:38:36 AM practiceUno.Robot PlayAHand
INFO: removed
Apr 2, 2013 11:38:36 AM practiceUno.Robot PlayAHand
INFO: End turn
Apr 2, 2013 11:38:36 AM practiceUno.Robot PlayAHand
INFO: Trying to decide
Apr 2, 2013 11:38:36 AM practiceUno.Robot Decide
INFO: Entering robot decide function
Apr 2, 2013 11:38:36 AM practiceUno.Robot Decide
INFO: I have 6 cards. 
Apr 2, 2013 11:38:36 AM practiceUno.Robot Decide
INFO: Card 0: DRTWO BLUE
Apr 2, 2013 11:38:36 AM practiceUno.Robot Decide
INFO: Card 1: REVERSE GREEN
Apr 2, 2013 11:38:36 AM practiceUno.Robot Decide
INFO: Card 2: WILDDRFOUR YELLOW
Apr 2, 2013 11:38:36 AM practiceUno.Robot Decide
INFO: Card 3: WILDDRFOUR YELLOW
Apr 2, 2013 11:38:36 AM practiceUno.Robot Decide
INFO: Card 4: WILDDRFOUR YELLOW
Apr 2, 2013 11:38:36 AM practiceUno.Robot Decide
INFO: Card 5: WILD
Apr 2, 2013 11:38:36 AM practiceUno.Robot Decide
INFO: The top card was a wild card WILDDRFOUR YELLOW
Apr 2, 2013 11:38:36 AM practiceUno.Robot Decide
INFO: Inside the wild loop DRTWO BLUE
Apr 2, 2013 11:38:36 AM practiceUno.Robot Decide
INFO: Inside the wild loop REVERSE GREEN
Apr 2, 2013 11:38:36 AM practiceUno.Robot Decide
INFO: Inside the wild loop WILDDRFOUR YELLOW
Apr 2, 2013 11:38:36 AM practiceUno.Robot Decide
INFO: Inside the wild loop WILDDRFOUR YELLOW
Apr 2, 2013 11:38:36 AM practiceUno.Robot Decide
INFO: Inside the wild loop WILDDRFOUR YELLOW
Apr 2, 2013 11:38:36 AM practiceUno.Robot Decide
INFO: Inside the wild loop WILD
Apr 2, 2013 11:38:36 AM practiceUno.Robot PlayAWild
INFO: Seeing if I have any wild cards in my hand
Apr 2, 2013 11:38:36 AM practiceUno.Robot Decide
INFO: Done deciding
Apr 2, 2013 11:38:36 AM practiceUno.Robot PlayAHand
INFO: Decided 1 WILD
Apr 2, 2013 11:38:36 AM practiceUno.Robot PlayAHand
INFO: Trying to play a card WILD WILDDRFOUR YELLOW
Apr 2, 2013 11:38:36 AM practiceUno.Robot PlayAHand
INFO: Time for a wild card. Choosing yellow
Apr 2, 2013 11:38:36 AM practiceUno.Robot PlayAHand
INFO: Choose yellow
Apr 2, 2013 11:38:36 AM practiceUno.WildCard Wild
INFO: Call for wild called
Apr 2, 2013 11:38:36 AM practiceUno.Robot PlayAHand
INFO: Add to deck
Apr 2, 2013 11:38:36 AM practiceUno.Robot FindCard
INFO: looking at you card : WILD YELLOW
Apr 2, 2013 11:38:36 AM practiceUno.Robot FindCard
INFO: Is at 5
Apr 2, 2013 11:38:36 AM practiceUno.Robot PlayAHand
INFO: removed
Apr 2, 2013 11:38:36 AM practiceUno.Robot PlayAHand
INFO: End turn
Apr 2, 2013 11:38:36 AM practiceUno.Robot PlayAHand
INFO: Trying to decide
Apr 2, 2013 11:38:36 AM practiceUno.Robot Decide
INFO: Entering robot decide function
Apr 2, 2013 11:38:36 AM practiceUno.Robot Decide
INFO: I have 5 cards. 
Apr 2, 2013 11:38:36 AM practiceUno.Robot Decide
INFO: Card 0: DRTWO BLUE
Apr 2, 2013 11:38:36 AM practiceUno.Robot Decide
INFO: Card 1: REVERSE GREEN
Apr 2, 2013 11:38:36 AM practiceUno.Robot Decide
INFO: Card 2: WILDDRFOUR YELLOW
Apr 2, 2013 11:38:36 AM practiceUno.Robot Decide
INFO: Card 3: WILDDRFOUR YELLOW
Apr 2, 2013 11:38:36 AM practiceUno.Robot Decide
INFO: Card 4: WILDDRFOUR YELLOW
Apr 2, 2013 11:38:36 AM practiceUno.Robot Decide
INFO: The top card was a wild card WILD YELLOW
Apr 2, 2013 11:38:36 AM practiceUno.Robot Decide
INFO: Inside the wild loop DRTWO BLUE
Apr 2, 2013 11:38:36 AM practiceUno.Robot Decide
INFO: Inside the wild loop REVERSE GREEN
Apr 2, 2013 11:38:36 AM practiceUno.Robot Decide
INFO: Inside the wild loop WILDDRFOUR YELLOW
Apr 2, 2013 11:38:36 AM practiceUno.Robot Decide
INFO: Inside the wild loop WILDDRFOUR YELLOW
Apr 2, 2013 11:38:36 AM practiceUno.Robot Decide
INFO: Inside the wild loop WILDDRFOUR YELLOW
Apr 2, 2013 11:38:36 AM practiceUno.Robot PlayAWild
INFO: Seeing if I have any wild cards in my hand
Apr 2, 2013 11:38:36 AM practiceUno.Robot Decide
INFO: Done deciding
Apr 2, 2013 11:38:36 AM practiceUno.Robot PlayAHand
INFO: Decided 1 WILDDRFOUR YELLOW
Apr 2, 2013 11:38:36 AM practiceUno.Robot PlayAHand
INFO: Trying to play a card WILDDRFOUR YELLOW WILD YELLOW
Apr 2, 2013 11:38:36 AM practiceUno.Robot PlayAHand
INFO: Time for a wild card. Choosing yellow
Apr 2, 2013 11:38:36 AM practiceUno.Robot PlayAHand
INFO: Choose yellow
Apr 2, 2013 11:38:36 AM practiceUno.WildCard Wild
INFO: Call for wild called
Apr 2, 2013 11:38:36 AM practiceUno.Robot PlayAHand
INFO: Add to deck
Apr 2, 2013 11:38:36 AM practiceUno.Robot FindCard
INFO: looking at you card : WILDDRFOUR YELLOW
Apr 2, 2013 11:38:36 AM practiceUno.Robot FindCard
INFO: Is at 2
Apr 2, 2013 11:38:36 AM practiceUno.Robot PlayAHand
INFO: removed
Apr 2, 2013 11:38:36 AM practiceUno.Robot PlayAHand
INFO: End turn
Apr 2, 2013 11:38:36 AM practiceUno.Robot PlayAHand
INFO: Trying to decide
Apr 2, 2013 11:38:36 AM practiceUno.Robot Decide
INFO: Entering robot decide function
Apr 2, 2013 11:38:36 AM practiceUno.Robot Decide
INFO: I have 8 cards. 
Apr 2, 2013 11:38:36 AM practiceUno.Robot Decide
INFO: Card 0: DRTWO BLUE
Apr 2, 2013 11:38:36 AM practiceUno.Robot Decide
INFO: Card 1: REVERSE GREEN
Apr 2, 2013 11:38:36 AM practiceUno.Robot Decide
INFO: Card 2: WILDDRFOUR YELLOW
Apr 2, 2013 11:38:36 AM practiceUno.Robot Decide
INFO: Card 3: WILDDRFOUR YELLOW
Apr 2, 2013 11:38:36 AM practiceUno.Robot Decide
INFO: Card 4: WILD YELLOW
Apr 2, 2013 11:38:36 AM practiceUno.Robot Decide
INFO: Card 5: WILD YELLOW
Apr 2, 2013 11:38:36 AM practiceUno.Robot Decide
INFO: Card 6: WILD YELLOW
Apr 2, 2013 11:38:36 AM practiceUno.Robot Decide
INFO: Card 7: DRTWO YELLOW
Apr 2, 2013 11:38:36 AM practiceUno.Robot Decide
INFO: The top card was a wild card WILDDRFOUR YELLOW
Apr 2, 2013 11:38:36 AM practiceUno.Robot Decide
INFO: Inside the wild loop DRTWO BLUE
Apr 2, 2013 11:38:36 AM practiceUno.Robot Decide
INFO: Inside the wild loop REVERSE GREEN
Apr 2, 2013 11:38:36 AM practiceUno.Robot Decide
INFO: Inside the wild loop WILDDRFOUR YELLOW
Apr 2, 2013 11:38:36 AM practiceUno.Robot Decide
INFO: Inside the wild loop WILDDRFOUR YELLOW
Apr 2, 2013 11:38:36 AM practiceUno.Robot Decide
INFO: Inside the wild loop WILD YELLOW
Apr 2, 2013 11:38:36 AM practiceUno.Robot Decide
INFO: Inside the wild loop WILD YELLOW
Apr 2, 2013 11:38:36 AM practiceUno.Robot Decide
INFO: Inside the wild loop WILD YELLOW
Apr 2, 2013 11:38:36 AM practiceUno.Robot Decide
INFO: Inside the wild loop DRTWO YELLOW
Apr 2, 2013 11:38:36 AM practiceUno.Robot Decide
INFO: Done deciding
Apr 2, 2013 11:38:36 AM practiceUno.Robot PlayAHand
INFO: Decided 1 DRTWO YELLOW
Apr 2, 2013 11:38:36 AM practiceUno.Robot PlayAHand
INFO: Trying to play a card DRTWO YELLOW WILDDRFOUR YELLOW
Apr 2, 2013 11:38:36 AM practiceUno.Robot FindCard
INFO: looking at you card : DRTWO YELLOW
Apr 2, 2013 11:38:36 AM practiceUno.Robot FindCard
INFO: Is at 7
Apr 2, 2013 11:38:36 AM practiceUno.Robot PlayAHand
INFO: End turn
Apr 2, 2013 11:38:36 AM practiceUno.Robot PlayAHand
INFO: Trying to decide
Apr 2, 2013 11:38:36 AM practiceUno.Robot Decide
INFO: Entering robot decide function
Apr 2, 2013 11:38:36 AM practiceUno.Robot Decide
INFO: I have 7 cards. 
Apr 2, 2013 11:38:36 AM practiceUno.Robot Decide
INFO: Card 0: DRTWO BLUE
Apr 2, 2013 11:38:36 AM practiceUno.Robot Decide
INFO: Card 1: REVERSE GREEN
Apr 2, 2013 11:38:36 AM practiceUno.Robot Decide
INFO: Card 2: WILDDRFOUR YELLOW
Apr 2, 2013 11:38:36 AM practiceUno.Robot Decide
INFO: Card 3: WILDDRFOUR YELLOW
Apr 2, 2013 11:38:36 AM practiceUno.Robot Decide
INFO: Card 4: WILD YELLOW
Apr 2, 2013 11:38:36 AM practiceUno.Robot Decide
INFO: Card 5: WILD YELLOW
Apr 2, 2013 11:38:36 AM practiceUno.Robot Decide
INFO: Card 6: WILD YELLOW
Apr 2, 2013 11:38:36 AM practiceUno.Robot Decide
INFO: The top card was a special card. DRTWO YELLOW
Apr 2, 2013 11:38:36 AM practiceUno.Robot Decide
INFO: In special for loop. Card DRTWO BLUE
Apr 2, 2013 11:38:36 AM practiceUno.Robot Decide
INFO: Done deciding
Apr 2, 2013 11:38:36 AM practiceUno.Robot PlayAHand
INFO: Decided 1 DRTWO BLUE
Apr 2, 2013 11:38:36 AM practiceUno.Robot PlayAHand
INFO: Trying to play a card DRTWO BLUE DRTWO YELLOW
Apr 2, 2013 11:38:36 AM practiceUno.Robot FindCard
INFO: looking at you card : DRTWO BLUE
Apr 2, 2013 11:38:36 AM practiceUno.Robot FindCard
INFO: Is at 0
Apr 2, 2013 11:38:36 AM practiceUno.Robot PlayAHand
INFO: End turn
Apr 2, 2013 11:38:36 AM practiceUno.Robot PlayAHand
INFO: Trying to decide
Apr 2, 2013 11:38:36 AM practiceUno.Robot Decide
INFO: Entering robot decide function
Apr 2, 2013 11:38:36 AM practiceUno.Robot Decide
INFO: I have 6 cards. 
Apr 2, 2013 11:38:36 AM practiceUno.Robot Decide
INFO: Card 0: REVERSE GREEN
Apr 2, 2013 11:38:36 AM practiceUno.Robot Decide
INFO: Card 1: WILDDRFOUR YELLOW
Apr 2, 2013 11:38:36 AM practiceUno.Robot Decide
INFO: Card 2: WILDDRFOUR YELLOW
Apr 2, 2013 11:38:36 AM practiceUno.Robot Decide
INFO: Card 3: WILD YELLOW
Apr 2, 2013 11:38:36 AM practiceUno.Robot Decide
INFO: Card 4: WILD YELLOW
Apr 2, 2013 11:38:36 AM practiceUno.Robot Decide
INFO: Card 5: WILD YELLOW
Apr 2, 2013 11:38:36 AM practiceUno.Robot Decide
INFO: The top card was a special card. DRTWO BLUE
Apr 2, 2013 11:38:36 AM practiceUno.Robot Decide
INFO: In special for loop. Card REVERSE GREEN
Apr 2, 2013 11:38:36 AM practiceUno.Robot Decide
INFO: In special for loop. Card WILDDRFOUR YELLOW
Apr 2, 2013 11:38:36 AM practiceUno.Robot Decide
INFO: No special match
Apr 2, 2013 11:38:36 AM practiceUno.Robot Decide
INFO: In special for loop. Card WILDDRFOUR YELLOW
Apr 2, 2013 11:38:36 AM practiceUno.Robot Decide
INFO: No special match
Apr 2, 2013 11:38:36 AM practiceUno.Robot Decide
INFO: In special for loop. Card WILD YELLOW
Apr 2, 2013 11:38:36 AM practiceUno.Robot Decide
INFO: No special match
Apr 2, 2013 11:38:36 AM practiceUno.Robot Decide
INFO: In special for loop. Card WILD YELLOW
Apr 2, 2013 11:38:36 AM practiceUno.Robot Decide
INFO: No special match
Apr 2, 2013 11:38:36 AM practiceUno.Robot Decide
INFO: In special for loop. Card WILD YELLOW
Apr 2, 2013 11:38:36 AM practiceUno.Robot Decide
INFO: No special match
Apr 2, 2013 11:38:36 AM practiceUno.Robot PlayAWild
INFO: Seeing if I have any wild cards in my hand
Apr 2, 2013 11:38:36 AM practiceUno.Robot Decide
INFO: Done deciding
Apr 2, 2013 11:38:36 AM practiceUno.Robot PlayAHand
INFO: Decided 1 WILD YELLOW
Apr 2, 2013 11:38:36 AM practiceUno.Robot PlayAHand
INFO: Trying to play a card WILD YELLOW DRTWO BLUE
Apr 2, 2013 11:38:36 AM practiceUno.Robot PlayAHand
INFO: Time for a wild card. Choosing yellow
Apr 2, 2013 11:38:36 AM practiceUno.Robot PlayAHand
INFO: Choose yellow
Apr 2, 2013 11:38:36 AM practiceUno.WildCard Wild
INFO: Call for wild called
Apr 2, 2013 11:38:36 AM practiceUno.Robot PlayAHand
INFO: Add to deck
Apr 2, 2013 11:38:36 AM practiceUno.Robot FindCard
INFO: looking at you card : WILD YELLOW
Apr 2, 2013 11:38:36 AM practiceUno.Robot FindCard
INFO: Is at 3
Apr 2, 2013 11:38:36 AM practiceUno.Robot PlayAHand
INFO: removed
Apr 2, 2013 11:38:36 AM practiceUno.Robot PlayAHand
INFO: End turn
Apr 2, 2013 11:38:36 AM practiceUno.Robot PlayAHand
INFO: Trying to decide
Apr 2, 2013 11:38:36 AM practiceUno.Robot Decide
INFO: Entering robot decide function
Apr 2, 2013 11:38:36 AM practiceUno.Robot Decide
INFO: I have 5 cards. 
Apr 2, 2013 11:38:36 AM practiceUno.Robot Decide
INFO: Card 0: REVERSE GREEN
Apr 2, 2013 11:38:36 AM practiceUno.Robot Decide
INFO: Card 1: WILDDRFOUR YELLOW
Apr 2, 2013 11:38:36 AM practiceUno.Robot Decide
INFO: Card 2: WILDDRFOUR YELLOW
Apr 2, 2013 11:38:36 AM practiceUno.Robot Decide
INFO: Card 3: WILD YELLOW
Apr 2, 2013 11:38:36 AM practiceUno.Robot Decide
INFO: Card 4: WILD YELLOW
Apr 2, 2013 11:38:36 AM practiceUno.Robot Decide
INFO: The top card was a wild card WILD YELLOW
Apr 2, 2013 11:38:36 AM practiceUno.Robot Decide
INFO: Inside the wild loop REVERSE GREEN
Apr 2, 2013 11:38:36 AM practiceUno.Robot Decide
INFO: Inside the wild loop WILDDRFOUR YELLOW
Apr 2, 2013 11:38:36 AM practiceUno.Robot Decide
INFO: Inside the wild loop WILDDRFOUR YELLOW
Apr 2, 2013 11:38:36 AM practiceUno.Robot Decide
INFO: Inside the wild loop WILD YELLOW
Apr 2, 2013 11:38:36 AM practiceUno.Robot Decide
INFO: Inside the wild loop WILD YELLOW
Apr 2, 2013 11:38:36 AM practiceUno.Robot PlayAWild
INFO: Seeing if I have any wild cards in my hand
Apr 2, 2013 11:38:36 AM practiceUno.Robot Decide
INFO: Done deciding
Apr 2, 2013 11:38:36 AM practiceUno.Robot PlayAHand
INFO: Decided 1 WILD YELLOW
Apr 2, 2013 11:38:36 AM practiceUno.Robot PlayAHand
INFO: Trying to play a card WILD YELLOW WILD YELLOW
Apr 2, 2013 11:38:36 AM practiceUno.Robot PlayAHand
INFO: Time for a wild card. Choosing yellow
Apr 2, 2013 11:38:36 AM practiceUno.Robot PlayAHand
INFO: Choose yellow
Apr 2, 2013 11:38:37 AM practiceUno.WildCard Wild
INFO: Call for wild called
Apr 2, 2013 11:38:37 AM practiceUno.Robot PlayAHand
INFO: Add to deck
Apr 2, 2013 11:38:37 AM practiceUno.Robot FindCard
INFO: looking at you card : WILD YELLOW
Apr 2, 2013 11:38:37 AM practiceUno.Robot FindCard
INFO: Is at 3
Apr 2, 2013 11:38:37 AM practiceUno.Robot PlayAHand
INFO: removed
Apr 2, 2013 11:38:37 AM practiceUno.Robot PlayAHand
INFO: End turn
Apr 2, 2013 11:38:37 AM practiceUno.Robot PlayAHand
INFO: Trying to decide
Apr 2, 2013 11:38:37 AM practiceUno.Robot Decide
INFO: Entering robot decide function
Apr 2, 2013 11:38:37 AM practiceUno.Robot Decide
INFO: I have 4 cards. 
Apr 2, 2013 11:38:37 AM practiceUno.Robot Decide
INFO: Card 0: REVERSE GREEN
Apr 2, 2013 11:38:37 AM practiceUno.Robot Decide
INFO: Card 1: WILDDRFOUR YELLOW
Apr 2, 2013 11:38:37 AM practiceUno.Robot Decide
INFO: Card 2: WILDDRFOUR YELLOW
Apr 2, 2013 11:38:37 AM practiceUno.Robot Decide
INFO: Card 3: WILD YELLOW
Apr 2, 2013 11:38:37 AM practiceUno.Robot Decide
INFO: The top card was a wild card WILD YELLOW
Apr 2, 2013 11:38:37 AM practiceUno.Robot Decide
INFO: Inside the wild loop REVERSE GREEN
Apr 2, 2013 11:38:37 AM practiceUno.Robot Decide
INFO: Inside the wild loop WILDDRFOUR YELLOW
Apr 2, 2013 11:38:37 AM practiceUno.Robot Decide
INFO: Inside the wild loop WILDDRFOUR YELLOW
Apr 2, 2013 11:38:37 AM practiceUno.Robot Decide
INFO: Inside the wild loop WILD YELLOW
Apr 2, 2013 11:38:37 AM practiceUno.Robot PlayAWild
INFO: Seeing if I have any wild cards in my hand
Apr 2, 2013 11:38:37 AM practiceUno.Robot Decide
INFO: Done deciding
Apr 2, 2013 11:38:37 AM practiceUno.Robot PlayAHand
INFO: Decided 1 WILD YELLOW
Apr 2, 2013 11:38:37 AM practiceUno.Robot PlayAHand
INFO: Trying to play a card WILD YELLOW WILD YELLOW
Apr 2, 2013 11:38:37 AM practiceUno.Robot PlayAHand
INFO: Time for a wild card. Choosing yellow
Apr 2, 2013 11:38:37 AM practiceUno.Robot PlayAHand
INFO: Choose yellow
Apr 2, 2013 11:38:37 AM practiceUno.WildCard Wild
INFO: Call for wild called
Apr 2, 2013 11:38:37 AM practiceUno.Robot PlayAHand
INFO: Add to deck
Apr 2, 2013 11:38:37 AM practiceUno.Robot FindCard
INFO: looking at you card : WILD YELLOW
Apr 2, 2013 11:38:37 AM practiceUno.Robot FindCard
INFO: Is at 3
Apr 2, 2013 11:38:37 AM practiceUno.Robot PlayAHand
INFO: removed
Apr 2, 2013 11:38:37 AM practiceUno.Robot PlayAHand
INFO: End turn
Apr 2, 2013 11:38:37 AM practiceUno.Robot PlayAHand
INFO: Trying to decide
Apr 2, 2013 11:38:37 AM practiceUno.Robot Decide
INFO: Entering robot decide function
Apr 2, 2013 11:38:37 AM practiceUno.Robot Decide
INFO: I have 3 cards. 
Apr 2, 2013 11:38:37 AM practiceUno.Robot Decide
INFO: Card 0: REVERSE GREEN
Apr 2, 2013 11:38:37 AM practiceUno.Robot Decide
INFO: Card 1: WILDDRFOUR YELLOW
Apr 2, 2013 11:38:37 AM practiceUno.Robot Decide
INFO: Card 2: WILDDRFOUR YELLOW
Apr 2, 2013 11:38:37 AM practiceUno.Robot Decide
INFO: The top card was a wild card WILD YELLOW
Apr 2, 2013 11:38:37 AM practiceUno.Robot Decide
INFO: Inside the wild loop REVERSE GREEN
Apr 2, 2013 11:38:37 AM practiceUno.Robot Decide
INFO: Inside the wild loop WILDDRFOUR YELLOW
Apr 2, 2013 11:38:37 AM practiceUno.Robot Decide
INFO: Inside the wild loop WILDDRFOUR YELLOW
Apr 2, 2013 11:38:37 AM practiceUno.Robot PlayAWild
INFO: Seeing if I have any wild cards in my hand
Apr 2, 2013 11:38:37 AM practiceUno.Robot Decide
INFO: Done deciding
Apr 2, 2013 11:38:37 AM practiceUno.Robot PlayAHand
INFO: Decided 1 WILDDRFOUR YELLOW
Apr 2, 2013 11:38:37 AM practiceUno.Robot PlayAHand
INFO: Trying to play a card WILDDRFOUR YELLOW WILD YELLOW
Apr 2, 2013 11:38:37 AM practiceUno.Robot PlayAHand
INFO: Time for a wild card. Choosing yellow
Apr 2, 2013 11:38:37 AM practiceUno.Robot PlayAHand
INFO: Choose yellow
Apr 2, 2013 11:38:37 AM practiceUno.WildCard Wild
INFO: Call for wild called
Apr 2, 2013 11:38:37 AM practiceUno.Robot PlayAHand
INFO: Add to deck
Apr 2, 2013 11:38:37 AM practiceUno.Robot FindCard
INFO: looking at you card : WILDDRFOUR YELLOW
Apr 2, 2013 11:38:37 AM practiceUno.Robot FindCard
INFO: Is at 1
Apr 2, 2013 11:38:37 AM practiceUno.Robot PlayAHand
INFO: removed
Apr 2, 2013 11:38:37 AM practiceUno.Robot PlayAHand
INFO: End turn
Apr 2, 2013 11:38:37 AM practiceUno.Robot PlayAHand
INFO: Trying to decide
Apr 2, 2013 11:38:37 AM practiceUno.Robot Decide
INFO: Entering robot decide function
Apr 2, 2013 11:38:37 AM practiceUno.Robot Decide
INFO: I have 6 cards. 
Apr 2, 2013 11:38:37 AM practiceUno.Robot Decide
INFO: Card 0: REVERSE GREEN
Apr 2, 2013 11:38:37 AM practiceUno.Robot Decide
INFO: Card 1: WILDDRFOUR YELLOW
Apr 2, 2013 11:38:37 AM practiceUno.Robot Decide
INFO: Card 2: DRTWO YELLOW
Apr 2, 2013 11:38:37 AM practiceUno.Robot Decide
INFO: Card 3: DRTWO GREEN
Apr 2, 2013 11:38:37 AM practiceUno.Robot Decide
INFO: Card 4: DRTWO GREEN
Apr 2, 2013 11:38:37 AM practiceUno.Robot Decide
INFO: Card 5: DRTWO RED
Apr 2, 2013 11:38:37 AM practiceUno.Robot Decide
INFO: The top card was a wild card WILDDRFOUR YELLOW
Apr 2, 2013 11:38:37 AM practiceUno.Robot Decide
INFO: Inside the wild loop REVERSE GREEN
Apr 2, 2013 11:38:37 AM practiceUno.Robot Decide
INFO: Inside the wild loop WILDDRFOUR YELLOW
Apr 2, 2013 11:38:37 AM practiceUno.Robot Decide
INFO: Inside the wild loop DRTWO YELLOW
Apr 2, 2013 11:38:37 AM practiceUno.Robot Decide
INFO: Done deciding
Apr 2, 2013 11:38:37 AM practiceUno.Robot PlayAHand
INFO: Decided 1 DRTWO YELLOW
Apr 2, 2013 11:38:37 AM practiceUno.Robot PlayAHand
INFO: Trying to play a card DRTWO YELLOW WILDDRFOUR YELLOW
Apr 2, 2013 11:38:37 AM practiceUno.Robot FindCard
INFO: looking at you card : DRTWO YELLOW
Apr 2, 2013 11:38:37 AM practiceUno.Robot FindCard
INFO: Is at 2
Apr 2, 2013 11:38:37 AM practiceUno.Robot PlayAHand
INFO: End turn
Apr 2, 2013 11:38:37 AM practiceUno.Robot PlayAHand
INFO: Trying to decide
Apr 2, 2013 11:38:37 AM practiceUno.Robot Decide
INFO: Entering robot decide function
Apr 2, 2013 11:38:37 AM practiceUno.Robot Decide
INFO: I have 5 cards. 
Apr 2, 2013 11:38:37 AM practiceUno.Robot Decide
INFO: Card 0: REVERSE GREEN
Apr 2, 2013 11:38:37 AM practiceUno.Robot Decide
INFO: Card 1: WILDDRFOUR YELLOW
Apr 2, 2013 11:38:37 AM practiceUno.Robot Decide
INFO: Card 2: DRTWO GREEN
Apr 2, 2013 11:38:37 AM practiceUno.Robot Decide
INFO: Card 3: DRTWO GREEN
Apr 2, 2013 11:38:37 AM practiceUno.Robot Decide
INFO: Card 4: DRTWO RED
Apr 2, 2013 11:38:37 AM practiceUno.Robot Decide
INFO: The top card was a special card. DRTWO YELLOW
Apr 2, 2013 11:38:37 AM practiceUno.Robot Decide
INFO: In special for loop. Card REVERSE GREEN
Apr 2, 2013 11:38:37 AM practiceUno.Robot Decide
INFO: In special for loop. Card WILDDRFOUR YELLOW
Apr 2, 2013 11:38:37 AM practiceUno.Robot Decide
INFO: No special match
Apr 2, 2013 11:38:37 AM practiceUno.Robot Decide
INFO: In special for loop. Card DRTWO GREEN
Apr 2, 2013 11:38:37 AM practiceUno.Robot Decide
INFO: Done deciding
Apr 2, 2013 11:38:37 AM practiceUno.Robot PlayAHand
INFO: Decided 1 DRTWO GREEN
Apr 2, 2013 11:38:37 AM practiceUno.Robot PlayAHand
INFO: Trying to play a card DRTWO GREEN DRTWO YELLOW
Apr 2, 2013 11:38:37 AM practiceUno.Robot FindCard
INFO: looking at you card : DRTWO GREEN
Apr 2, 2013 11:38:37 AM practiceUno.Robot FindCard
INFO: Is at 2
Apr 2, 2013 11:38:37 AM practiceUno.Robot PlayAHand
INFO: End turn
Apr 2, 2013 11:38:37 AM practiceUno.Robot PlayAHand
INFO: Trying to decide
Apr 2, 2013 11:38:37 AM practiceUno.Robot Decide
INFO: Entering robot decide function
Apr 2, 2013 11:38:37 AM practiceUno.Robot Decide
INFO: I have 4 cards. 
Apr 2, 2013 11:38:37 AM practiceUno.Robot Decide
INFO: Card 0: REVERSE GREEN
Apr 2, 2013 11:38:37 AM practiceUno.Robot Decide
INFO: Card 1: WILDDRFOUR YELLOW
Apr 2, 2013 11:38:37 AM practiceUno.Robot Decide
INFO: Card 2: DRTWO GREEN
Apr 2, 2013 11:38:37 AM practiceUno.Robot Decide
INFO: Card 3: DRTWO RED
Apr 2, 2013 11:38:37 AM practiceUno.Robot Decide
INFO: The top card was a special card. DRTWO GREEN
Apr 2, 2013 11:38:37 AM practiceUno.Robot Decide
INFO: In special for loop. Card REVERSE GREEN
Apr 2, 2013 11:38:37 AM practiceUno.Robot Decide
INFO: Done deciding
Apr 2, 2013 11:38:37 AM practiceUno.Robot PlayAHand
INFO: Decided 1 REVERSE GREEN
Apr 2, 2013 11:38:37 AM practiceUno.Robot PlayAHand
INFO: Trying to play a card REVERSE GREEN DRTWO GREEN
Apr 2, 2013 11:38:37 AM practiceUno.Robot FindCard
INFO: looking at you card : REVERSE GREEN
Apr 2, 2013 11:38:37 AM practiceUno.Robot FindCard
INFO: Is at 0
Apr 2, 2013 11:38:37 AM practiceUno.Robot PlayAHand
INFO: End turn
Apr 2, 2013 11:38:37 AM practiceUno.Robot PlayAHand
INFO: Trying to decide
Apr 2, 2013 11:38:37 AM practiceUno.Robot Decide
INFO: Entering robot decide function
Apr 2, 2013 11:38:37 AM practiceUno.Robot Decide
INFO: I have 3 cards. 
Apr 2, 2013 11:38:37 AM practiceUno.Robot Decide
INFO: Card 0: WILDDRFOUR YELLOW
Apr 2, 2013 11:38:37 AM practiceUno.Robot Decide
INFO: Card 1: DRTWO GREEN
Apr 2, 2013 11:38:37 AM practiceUno.Robot Decide
INFO: Card 2: DRTWO RED
Apr 2, 2013 11:38:37 AM practiceUno.Robot Decide
INFO: The top card was a special card. REVERSE GREEN
Apr 2, 2013 11:38:37 AM practiceUno.Robot Decide
INFO: In special for loop. Card WILDDRFOUR YELLOW
Apr 2, 2013 11:38:37 AM practiceUno.Robot Decide
INFO: No special match
Apr 2, 2013 11:38:37 AM practiceUno.Robot Decide
INFO: In special for loop. Card DRTWO GREEN
Apr 2, 2013 11:38:37 AM practiceUno.Robot Decide
INFO: Done deciding
Apr 2, 2013 11:38:37 AM practiceUno.Robot PlayAHand
INFO: Decided 1 DRTWO GREEN
Apr 2, 2013 11:38:37 AM practiceUno.Robot PlayAHand
INFO: Trying to play a card DRTWO GREEN REVERSE GREEN
Apr 2, 2013 11:38:37 AM practiceUno.Robot FindCard
INFO: looking at you card : DRTWO GREEN
Apr 2, 2013 11:38:37 AM practiceUno.Robot FindCard
INFO: Is at 1
Apr 2, 2013 11:38:37 AM practiceUno.Robot PlayAHand
INFO: End turn
Apr 2, 2013 11:38:37 AM practiceUno.Robot PlayAHand
INFO: Trying to decide
Apr 2, 2013 11:38:37 AM practiceUno.Robot Decide
INFO: Entering robot decide function
Apr 2, 2013 11:38:37 AM practiceUno.Robot Decide
INFO: I have 2 cards. 
Apr 2, 2013 11:38:37 AM practiceUno.Robot Decide
INFO: Card 0: WILDDRFOUR YELLOW
Apr 2, 2013 11:38:37 AM practiceUno.Robot Decide
INFO: Card 1: DRTWO RED
Apr 2, 2013 11:38:37 AM practiceUno.Robot Decide
INFO: The top card was a special card. DRTWO GREEN
Apr 2, 2013 11:38:37 AM practiceUno.Robot Decide
INFO: In special for loop. Card WILDDRFOUR YELLOW
Apr 2, 2013 11:38:37 AM practiceUno.Robot Decide
INFO: No special match
Apr 2, 2013 11:38:37 AM practiceUno.Robot Decide
INFO: In special for loop. Card DRTWO RED
Apr 2, 2013 11:38:37 AM practiceUno.Robot Decide
INFO: Done deciding
Apr 2, 2013 11:38:37 AM practiceUno.Robot PlayAHand
INFO: Decided 1 DRTWO RED
Apr 2, 2013 11:38:37 AM practiceUno.Robot PlayAHand
INFO: Trying to play a card DRTWO RED DRTWO GREEN
Apr 2, 2013 11:38:37 AM practiceUno.Robot FindCard
INFO: looking at you card : DRTWO RED
Apr 2, 2013 11:38:37 AM practiceUno.Robot FindCard
INFO: Is at 1
Apr 2, 2013 11:38:37 AM practiceUno.Robot PlayAHand
INFO: End turn
Apr 2, 2013 11:38:37 AM practiceUno.Robot PlayAHand
INFO: Trying to decide
Apr 2, 2013 11:38:37 AM practiceUno.Robot Decide
INFO: Entering robot decide function
Apr 2, 2013 11:38:37 AM practiceUno.Robot Decide
INFO: I have 1 cards. 
Apr 2, 2013 11:38:37 AM practiceUno.Robot Decide
INFO: Card 0: WILDDRFOUR YELLOW
Apr 2, 2013 11:38:37 AM practiceUno.Robot Decide
INFO: The top card was a special card. DRTWO RED
Apr 2, 2013 11:38:37 AM practiceUno.Robot Decide
INFO: In special for loop. Card WILDDRFOUR YELLOW
Apr 2, 2013 11:38:37 AM practiceUno.Robot Decide
INFO: No special match
Apr 2, 2013 11:38:37 AM practiceUno.Robot PlayAWild
INFO: Seeing if I have any wild cards in my hand
Apr 2, 2013 11:38:37 AM practiceUno.Robot Decide
INFO: Done deciding
Apr 2, 2013 11:38:37 AM practiceUno.Robot PlayAHand
INFO: Decided 1 WILDDRFOUR YELLOW
Apr 2, 2013 11:38:37 AM practiceUno.Robot PlayAHand
INFO: Trying to play a card WILDDRFOUR YELLOW DRTWO RED
Apr 2, 2013 11:38:37 AM practiceUno.Robot PlayAHand
INFO: Time for a wild card. Choosing yellow
Apr 2, 2013 11:38:37 AM practiceUno.Robot PlayAHand
INFO: Choose yellow
Apr 2, 2013 11:38:37 AM practiceUno.WildCard Wild
INFO: Call for wild called
Apr 2, 2013 11:38:37 AM practiceUno.Robot PlayAHand
INFO: Add to deck
Apr 2, 2013 11:38:37 AM practiceUno.Robot FindCard
INFO: looking at you card : WILDDRFOUR YELLOW
Apr 2, 2013 11:38:37 AM practiceUno.Robot FindCard
INFO: Is at 0
Apr 2, 2013 11:38:37 AM practiceUno.Robot PlayAHand
INFO: removed
Apr 2, 2013 11:38:37 AM practiceUno.Robot PlayAHand
INFO: End turn
Apr 2, 2013 11:38:37 AM practiceUno.Robot PlayAHand
INFO: Trying to decide
Apr 2, 2013 11:38:37 AM practiceUno.Robot Decide
INFO: Entering robot decide function
Apr 2, 2013 11:38:37 AM practiceUno.Robot Decide
INFO: I have 4 cards. 
Apr 2, 2013 11:38:37 AM practiceUno.Robot Decide
INFO: Card 0: DRTWO RED
Apr 2, 2013 11:38:37 AM practiceUno.Robot Decide
INFO: Card 1: DRTWO BLUE
Apr 2, 2013 11:38:37 AM practiceUno.Robot Decide
INFO: Card 2: DRTWO BLUE
Apr 2, 2013 11:38:37 AM practiceUno.Robot Decide
INFO: Card 3: SKIP YELLOW
Apr 2, 2013 11:38:37 AM practiceUno.Robot Decide
INFO: The top card was a wild card WILDDRFOUR YELLOW
Apr 2, 2013 11:38:37 AM practiceUno.Robot Decide
INFO: Inside the wild loop DRTWO RED
Apr 2, 2013 11:38:37 AM practiceUno.Robot Decide
INFO: Inside the wild loop DRTWO BLUE
Apr 2, 2013 11:38:37 AM practiceUno.Robot Decide
INFO: Inside the wild loop DRTWO BLUE
Apr 2, 2013 11:38:37 AM practiceUno.Robot Decide
INFO: Inside the wild loop SKIP YELLOW
Apr 2, 2013 11:38:37 AM practiceUno.Robot Decide
INFO: Done deciding
Apr 2, 2013 11:38:37 AM practiceUno.Robot PlayAHand
INFO: Decided 1 SKIP YELLOW
Apr 2, 2013 11:38:37 AM practiceUno.Robot PlayAHand
INFO: Trying to play a card SKIP YELLOW WILDDRFOUR YELLOW
Apr 2, 2013 11:38:37 AM practiceUno.Robot FindCard
INFO: looking at you card : SKIP YELLOW
Apr 2, 2013 11:38:37 AM practiceUno.Robot FindCard
INFO: Is at 3
Apr 2, 2013 11:38:37 AM practiceUno.Robot PlayAHand
INFO: End turn
Apr 2, 2013 11:38:37 AM practiceUno.Robot PlayAHand
INFO: Trying to decide
Apr 2, 2013 11:38:37 AM practiceUno.Robot Decide
INFO: Entering robot decide function
Apr 2, 2013 11:38:37 AM practiceUno.Robot Decide
INFO: I have 3 cards. 
Apr 2, 2013 11:38:37 AM practiceUno.Robot Decide
INFO: Card 0: DRTWO RED
Apr 2, 2013 11:38:37 AM practiceUno.Robot Decide
INFO: Card 1: DRTWO BLUE
Apr 2, 2013 11:38:37 AM practiceUno.Robot Decide
INFO: Card 2: DRTWO BLUE
Apr 2, 2013 11:38:37 AM practiceUno.Robot Decide
INFO: The top card was a special card. SKIP YELLOW
Apr 2, 2013 11:38:37 AM practiceUno.Robot Decide
INFO: In special for loop. Card DRTWO RED
Apr 2, 2013 11:38:37 AM practiceUno.Robot Decide
INFO: In special for loop. Card DRTWO BLUE
Apr 2, 2013 11:38:37 AM practiceUno.Robot Decide
INFO: In special for loop. Card DRTWO BLUE
Apr 2, 2013 11:38:37 AM practiceUno.Robot PlayAWild
INFO: Seeing if I have any wild cards in my hand
Apr 2, 2013 11:38:37 AM practiceUno.Robot Decide
INFO: Done deciding
Apr 2, 2013 11:38:37 AM practiceUno.Robot PlayAHand
INFO: decided 2
Apr 2, 2013 11:38:37 AM practiceUno.Robot PlayAHand
INFO: Need to draw a card
Apr 2, 2013 11:38:37 AM practiceUno.Robot Decide
INFO: Entering robot decide function
Apr 2, 2013 11:38:37 AM practiceUno.Robot Decide
INFO: I have 4 cards. 
Apr 2, 2013 11:38:37 AM practiceUno.Robot Decide
INFO: Card 0: DRTWO RED
Apr 2, 2013 11:38:37 AM practiceUno.Robot Decide
INFO: Card 1: DRTWO BLUE
Apr 2, 2013 11:38:37 AM practiceUno.Robot Decide
INFO: Card 2: DRTWO BLUE
Apr 2, 2013 11:38:37 AM practiceUno.Robot Decide
INFO: Card 3: SKIP YELLOW
Apr 2, 2013 11:38:37 AM practiceUno.Robot Decide
INFO: The top card was a special card. SKIP YELLOW
Apr 2, 2013 11:38:37 AM practiceUno.Robot Decide
INFO: In special for loop. Card DRTWO RED
Apr 2, 2013 11:38:37 AM practiceUno.Robot Decide
INFO: In special for loop. Card DRTWO BLUE
Apr 2, 2013 11:38:37 AM practiceUno.Robot Decide
INFO: In special for loop. Card DRTWO BLUE
Apr 2, 2013 11:38:37 AM practiceUno.Robot Decide
INFO: In special for loop. Card SKIP YELLOW
Apr 2, 2013 11:38:37 AM practiceUno.Robot Decide
INFO: Done deciding
Apr 2, 2013 11:38:37 AM practiceUno.Robot PlayAHand
INFO: Trying to play a card SKIP YELLOW SKIP YELLOW
Apr 2, 2013 11:38:37 AM practiceUno.Robot FindCard
INFO: looking at you card : SKIP YELLOW
Apr 2, 2013 11:38:37 AM practiceUno.Robot FindCard
INFO: Is at 3
Apr 2, 2013 11:38:37 AM practiceUno.Robot PlayAHand
INFO: End turn
Apr 2, 2013 11:38:37 AM practiceUno.Robot PlayAHand
INFO: Trying to decide
Apr 2, 2013 11:38:37 AM practiceUno.Robot Decide
INFO: Entering robot decide function
Apr 2, 2013 11:38:37 AM practiceUno.Robot Decide
INFO: I have 3 cards. 
Apr 2, 2013 11:38:37 AM practiceUno.Robot Decide
INFO: Card 0: DRTWO RED
Apr 2, 2013 11:38:37 AM practiceUno.Robot Decide
INFO: Card 1: DRTWO BLUE
Apr 2, 2013 11:38:37 AM practiceUno.Robot Decide
INFO: Card 2: DRTWO BLUE
Apr 2, 2013 11:38:37 AM practiceUno.Robot Decide
INFO: The top card was a special card. SKIP YELLOW
Apr 2, 2013 11:38:37 AM practiceUno.Robot Decide
INFO: In special for loop. Card DRTWO RED
Apr 2, 2013 11:38:37 AM practiceUno.Robot Decide
INFO: In special for loop. Card DRTWO BLUE
Apr 2, 2013 11:38:37 AM practiceUno.Robot Decide
INFO: In special for loop. Card DRTWO BLUE
Apr 2, 2013 11:38:37 AM practiceUno.Robot PlayAWild
INFO: Seeing if I have any wild cards in my hand
Apr 2, 2013 11:38:37 AM practiceUno.Robot Decide
INFO: Done deciding
Apr 2, 2013 11:38:37 AM practiceUno.Robot PlayAHand
INFO: decided 2
Apr 2, 2013 11:38:37 AM practiceUno.Robot PlayAHand
INFO: Need to draw a card
Apr 2, 2013 11:38:37 AM practiceUno.Robot Decide
INFO: Entering robot decide function
Apr 2, 2013 11:38:37 AM practiceUno.Robot Decide
INFO: I have 4 cards. 
Apr 2, 2013 11:38:37 AM practiceUno.Robot Decide
INFO: Card 0: DRTWO RED
Apr 2, 2013 11:38:37 AM practiceUno.Robot Decide
INFO: Card 1: DRTWO BLUE
Apr 2, 2013 11:38:37 AM practiceUno.Robot Decide
INFO: Card 2: DRTWO BLUE
Apr 2, 2013 11:38:37 AM practiceUno.Robot Decide
INFO: Card 3: SKIP GREEN
Apr 2, 2013 11:38:37 AM practiceUno.Robot Decide
INFO: The top card was a special card. SKIP YELLOW
Apr 2, 2013 11:38:37 AM practiceUno.Robot Decide
INFO: In special for loop. Card DRTWO RED
Apr 2, 2013 11:38:37 AM practiceUno.Robot Decide
INFO: In special for loop. Card DRTWO BLUE
Apr 2, 2013 11:38:37 AM practiceUno.Robot Decide
INFO: In special for loop. Card DRTWO BLUE
Apr 2, 2013 11:38:37 AM practiceUno.Robot Decide
INFO: In special for loop. Card SKIP GREEN
Apr 2, 2013 11:38:37 AM practiceUno.Robot Decide
INFO: Done deciding
Apr 2, 2013 11:38:37 AM practiceUno.Robot PlayAHand
INFO: Trying to play a card SKIP GREEN SKIP YELLOW
Apr 2, 2013 11:38:37 AM practiceUno.Robot FindCard
INFO: looking at you card : SKIP GREEN
Apr 2, 2013 11:38:37 AM practiceUno.Robot FindCard
INFO: Is at 3
Apr 2, 2013 11:38:37 AM practiceUno.Robot PlayAHand
INFO: End turn
Apr 2, 2013 11:38:37 AM practiceUno.Robot PlayAHand
INFO: Trying to decide
Apr 2, 2013 11:38:37 AM practiceUno.Robot Decide
INFO: Entering robot decide function
Apr 2, 2013 11:38:37 AM practiceUno.Robot Decide
INFO: I have 3 cards. 
Apr 2, 2013 11:38:37 AM practiceUno.Robot Decide
INFO: Card 0: DRTWO RED
Apr 2, 2013 11:38:37 AM practiceUno.Robot Decide
INFO: Card 1: DRTWO BLUE
Apr 2, 2013 11:38:37 AM practiceUno.Robot Decide
INFO: Card 2: DRTWO BLUE
Apr 2, 2013 11:38:37 AM practiceUno.Robot Decide
INFO: The top card was a special card. SKIP GREEN
Apr 2, 2013 11:38:37 AM practiceUno.Robot Decide
INFO: In special for loop. Card DRTWO RED
Apr 2, 2013 11:38:37 AM practiceUno.Robot Decide
INFO: In special for loop. Card DRTWO BLUE
Apr 2, 2013 11:38:37 AM practiceUno.Robot Decide
INFO: In special for loop. Card DRTWO BLUE
Apr 2, 2013 11:38:37 AM practiceUno.Robot PlayAWild
INFO: Seeing if I have any wild cards in my hand
Apr 2, 2013 11:38:37 AM practiceUno.Robot Decide
INFO: Done deciding
Apr 2, 2013 11:38:37 AM practiceUno.Robot PlayAHand
INFO: decided 2
Apr 2, 2013 11:38:37 AM practiceUno.Robot PlayAHand
INFO: Need to draw a card
Apr 2, 2013 11:38:37 AM practiceUno.Robot Decide
INFO: Entering robot decide function
Apr 2, 2013 11:38:37 AM practiceUno.Robot Decide
INFO: I have 4 cards. 
Apr 2, 2013 11:38:37 AM practiceUno.Robot Decide
INFO: Card 0: DRTWO RED
Apr 2, 2013 11:38:37 AM practiceUno.Robot Decide
INFO: Card 1: DRTWO BLUE
Apr 2, 2013 11:38:37 AM practiceUno.Robot Decide
INFO: Card 2: DRTWO BLUE
Apr 2, 2013 11:38:37 AM practiceUno.Robot Decide
INFO: Card 3: SKIP GREEN
Apr 2, 2013 11:38:37 AM practiceUno.Robot Decide
INFO: The top card was a special card. SKIP GREEN
Apr 2, 2013 11:38:37 AM practiceUno.Robot Decide
INFO: In special for loop. Card DRTWO RED
Apr 2, 2013 11:38:37 AM practiceUno.Robot Decide
INFO: In special for loop. Card DRTWO BLUE
Apr 2, 2013 11:38:37 AM practiceUno.Robot Decide
INFO: In special for loop. Card DRTWO BLUE
Apr 2, 2013 11:38:37 AM practiceUno.Robot Decide
INFO: In special for loop. Card SKIP GREEN
Apr 2, 2013 11:38:37 AM practiceUno.Robot Decide
INFO: Done deciding
Apr 2, 2013 11:38:37 AM practiceUno.Robot PlayAHand
INFO: Trying to play a card SKIP GREEN SKIP GREEN
Apr 2, 2013 11:38:37 AM practiceUno.Robot FindCard
INFO: looking at you card : SKIP GREEN
Apr 2, 2013 11:38:37 AM practiceUno.Robot FindCard
INFO: Is at 3
Apr 2, 2013 11:38:37 AM practiceUno.Robot PlayAHand
INFO: End turn
Apr 2, 2013 11:38:37 AM practiceUno.Robot PlayAHand
INFO: Trying to decide
Apr 2, 2013 11:38:37 AM practiceUno.Robot Decide
INFO: Entering robot decide function
Apr 2, 2013 11:38:37 AM practiceUno.Robot Decide
INFO: I have 3 cards. 
Apr 2, 2013 11:38:37 AM practiceUno.Robot Decide
INFO: Card 0: DRTWO RED
Apr 2, 2013 11:38:37 AM practiceUno.Robot Decide
INFO: Card 1: DRTWO BLUE
Apr 2, 2013 11:38:37 AM practiceUno.Robot Decide
INFO: Card 2: DRTWO BLUE
Apr 2, 2013 11:38:37 AM practiceUno.Robot Decide
INFO: The top card was a special card. SKIP GREEN
Apr 2, 2013 11:38:37 AM practiceUno.Robot Decide
INFO: In special for loop. Card DRTWO RED
Apr 2, 2013 11:38:37 AM practiceUno.Robot Decide
INFO: In special for loop. Card DRTWO BLUE
Apr 2, 2013 11:38:37 AM practiceUno.Robot Decide
INFO: In special for loop. Card DRTWO BLUE
Apr 2, 2013 11:38:37 AM practiceUno.Robot PlayAWild
INFO: Seeing if I have any wild cards in my hand
Apr 2, 2013 11:38:37 AM practiceUno.Robot Decide
INFO: Done deciding
Apr 2, 2013 11:38:37 AM practiceUno.Robot PlayAHand
INFO: decided 2
Apr 2, 2013 11:38:37 AM practiceUno.Robot PlayAHand
INFO: Need to draw a card
Apr 2, 2013 11:38:37 AM practiceUno.Robot Decide
INFO: Entering robot decide function
Apr 2, 2013 11:38:37 AM practiceUno.Robot Decide
INFO: I have 4 cards. 
Apr 2, 2013 11:38:37 AM practiceUno.Robot Decide
INFO: Card 0: DRTWO RED
Apr 2, 2013 11:38:37 AM practiceUno.Robot Decide
INFO: Card 1: DRTWO BLUE
Apr 2, 2013 11:38:37 AM practiceUno.Robot Decide
INFO: Card 2: DRTWO BLUE
Apr 2, 2013 11:38:37 AM practiceUno.Robot Decide
INFO: Card 3: SKIP RED
Apr 2, 2013 11:38:37 AM practiceUno.Robot Decide
INFO: The top card was a special card. SKIP GREEN
Apr 2, 2013 11:38:37 AM practiceUno.Robot Decide
INFO: In special for loop. Card DRTWO RED
Apr 2, 2013 11:38:37 AM practiceUno.Robot Decide
INFO: In special for loop. Card DRTWO BLUE
Apr 2, 2013 11:38:37 AM practiceUno.Robot Decide
INFO: In special for loop. Card DRTWO BLUE
Apr 2, 2013 11:38:37 AM practiceUno.Robot Decide
INFO: In special for loop. Card SKIP RED
Apr 2, 2013 11:38:37 AM practiceUno.Robot Decide
INFO: Done deciding
Apr 2, 2013 11:38:37 AM practiceUno.Robot PlayAHand
INFO: Trying to play a card SKIP RED SKIP GREEN
Apr 2, 2013 11:38:37 AM practiceUno.Robot FindCard
INFO: looking at you card : SKIP RED
Apr 2, 2013 11:38:37 AM practiceUno.Robot FindCard
INFO: Is at 3
Apr 2, 2013 11:38:37 AM practiceUno.Robot PlayAHand
INFO: End turn
Apr 2, 2013 11:38:37 AM practiceUno.Robot PlayAHand
INFO: Trying to decide
Apr 2, 2013 11:38:37 AM practiceUno.Robot Decide
INFO: Entering robot decide function
Apr 2, 2013 11:38:37 AM practiceUno.Robot Decide
INFO: I have 3 cards. 
Apr 2, 2013 11:38:37 AM practiceUno.Robot Decide
INFO: Card 0: DRTWO RED
Apr 2, 2013 11:38:37 AM practiceUno.Robot Decide
INFO: Card 1: DRTWO BLUE
Apr 2, 2013 11:38:37 AM practiceUno.Robot Decide
INFO: Card 2: DRTWO BLUE
Apr 2, 2013 11:38:37 AM practiceUno.Robot Decide
INFO: The top card was a special card. SKIP RED
Apr 2, 2013 11:38:37 AM practiceUno.Robot Decide
INFO: In special for loop. Card DRTWO RED
Apr 2, 2013 11:38:37 AM practiceUno.Robot Decide
INFO: Done deciding
Apr 2, 2013 11:38:37 AM practiceUno.Robot PlayAHand
INFO: Decided 1 DRTWO RED
Apr 2, 2013 11:38:37 AM practiceUno.Robot PlayAHand
INFO: Trying to play a card DRTWO RED SKIP RED
Apr 2, 2013 11:38:37 AM practiceUno.Robot FindCard
INFO: looking at you card : DRTWO RED
Apr 2, 2013 11:38:37 AM practiceUno.Robot FindCard
INFO: Is at 0
Apr 2, 2013 11:38:37 AM practiceUno.Robot PlayAHand
INFO: End turn
Apr 2, 2013 11:38:37 AM practiceUno.Robot PlayAHand
INFO: Trying to decide
Apr 2, 2013 11:38:37 AM practiceUno.Robot Decide
INFO: Entering robot decide function
Apr 2, 2013 11:38:37 AM practiceUno.Robot Decide
INFO: I have 2 cards. 
Apr 2, 2013 11:38:37 AM practiceUno.Robot Decide
INFO: Card 0: DRTWO BLUE
Apr 2, 2013 11:38:37 AM practiceUno.Robot Decide
INFO: Card 1: DRTWO BLUE
Apr 2, 2013 11:38:37 AM practiceUno.Robot Decide
INFO: The top card was a special card. DRTWO RED
Apr 2, 2013 11:38:37 AM practiceUno.Robot Decide
INFO: In special for loop. Card DRTWO BLUE
Apr 2, 2013 11:38:37 AM practiceUno.Robot Decide
INFO: Done deciding
Apr 2, 2013 11:38:37 AM practiceUno.Robot PlayAHand
INFO: Decided 1 DRTWO BLUE
Apr 2, 2013 11:38:37 AM practiceUno.Robot PlayAHand
INFO: Trying to play a card DRTWO BLUE DRTWO RED
Apr 2, 2013 11:38:37 AM practiceUno.Robot FindCard
INFO: looking at you card : DRTWO BLUE
Apr 2, 2013 11:38:37 AM practiceUno.Robot FindCard
INFO: Is at 0
Apr 2, 2013 11:38:37 AM practiceUno.Robot PlayAHand
INFO: End turn
Apr 2, 2013 11:38:37 AM practiceUno.Robot PlayAHand
INFO: Trying to decide
Apr 2, 2013 11:38:37 AM practiceUno.Robot Decide
INFO: Entering robot decide function
Apr 2, 2013 11:38:37 AM practiceUno.Robot Decide
INFO: I have 1 cards. 
Apr 2, 2013 11:38:37 AM practiceUno.Robot Decide
INFO: Card 0: DRTWO BLUE
Apr 2, 2013 11:38:37 AM practiceUno.Robot Decide
INFO: The top card was a special card. DRTWO BLUE
Apr 2, 2013 11:38:37 AM practiceUno.Robot Decide
INFO: In special for loop. Card DRTWO BLUE
Apr 2, 2013 11:38:37 AM practiceUno.Robot Decide
INFO: Done deciding
Apr 2, 2013 11:38:37 AM practiceUno.Robot PlayAHand
INFO: Decided 1 DRTWO BLUE
Apr 2, 2013 11:38:37 AM practiceUno.Robot PlayAHand
INFO: Trying to play a card DRTWO BLUE DRTWO BLUE
Apr 2, 2013 11:38:37 AM practiceUno.Robot FindCard
INFO: looking at you card : DRTWO BLUE
Apr 2, 2013 11:38:37 AM practiceUno.Robot FindCard
INFO: Is at 0
Apr 2, 2013 11:38:37 AM practiceUno.Robot PlayAHand
INFO: End turn
Apr 2, 2013 11:38:37 AM practiceUno.WildCard Wild
INFO: Call for wild called
Apr 2, 2013 11:38:37 AM practiceUno.Robot PlayAHand
INFO: Trying to decide
Apr 2, 2013 11:38:37 AM practiceUno.Robot Decide
INFO: Entering robot decide function
Apr 2, 2013 11:38:37 AM practiceUno.Robot Decide
INFO: I have 2 cards. 
Apr 2, 2013 11:38:37 AM practiceUno.Robot Decide
INFO: Card 0: 5 BLUE
Apr 2, 2013 11:38:37 AM practiceUno.Robot Decide
INFO: Card 1: DRTWO RED
Apr 2, 2013 11:38:37 AM practiceUno.Robot Decide
INFO: The top card was a wild card WILD RED
Apr 2, 2013 11:38:37 AM practiceUno.Robot Decide
INFO: Inside the wild loop 5 BLUE
Apr 2, 2013 11:38:37 AM practiceUno.Robot Decide
INFO: Inside the wild loop DRTWO RED
Apr 2, 2013 11:38:37 AM practiceUno.Robot Decide
INFO: Done deciding
Apr 2, 2013 11:38:37 AM practiceUno.Robot PlayAHand
INFO: Decided 1 DRTWO RED
Apr 2, 2013 11:38:37 AM practiceUno.Robot PlayAHand
INFO: Trying to play a card DRTWO RED WILD RED
Apr 2, 2013 11:38:37 AM practiceUno.Robot FindCard
INFO: looking at you card : DRTWO RED
Apr 2, 2013 11:38:37 AM practiceUno.Robot FindCard
INFO: Is at 1
Apr 2, 2013 11:38:37 AM practiceUno.Robot PlayAHand
INFO: End turn
Apr 2, 2013 11:38:37 AM practiceUno.Robot PlayAHand
INFO: Trying to decide
Apr 2, 2013 11:38:37 AM practiceUno.Robot Decide
INFO: Entering robot decide function
Apr 2, 2013 11:38:37 AM practiceUno.Robot Decide
INFO: I have 2 cards. 
Apr 2, 2013 11:38:37 AM practiceUno.Robot Decide
INFO: Card 0: 5 BLUE
Apr 2, 2013 11:38:37 AM practiceUno.Robot Decide
INFO: Card 1: DRTWO RED
Apr 2, 2013 11:38:37 AM practiceUno.Robot Decide
INFO: The top card was a number 5 BLUE
Apr 2, 2013 11:38:37 AM practiceUno.Robot Decide
INFO: Done deciding
Apr 2, 2013 11:38:37 AM practiceUno.Robot PlayAHand
INFO: Decided 1 5 BLUE
Apr 2, 2013 11:38:37 AM practiceUno.Robot PlayAHand
INFO: Trying to play a card 5 BLUE 5 BLUE
Apr 2, 2013 11:38:37 AM practiceUno.Robot FindCard
INFO: looking at you card : 5 BLUE
Apr 2, 2013 11:38:37 AM practiceUno.Robot FindCard
INFO: Is at 0
Apr 2, 2013 11:38:37 AM practiceUno.Robot PlayAHand
INFO: End turn
Apr 2, 2013 11:38:37 AM practiceUno.Robot PlayAHand
INFO: Trying to decide
Apr 2, 2013 11:38:37 AM practiceUno.Robot Decide
INFO: Entering robot decide function
Apr 2, 2013 11:38:37 AM practiceUno.Robot Decide
INFO: I have 2 cards. 
Apr 2, 2013 11:38:37 AM practiceUno.Robot Decide
INFO: Card 0: 5 BLUE
Apr 2, 2013 11:38:37 AM practiceUno.Robot Decide
INFO: Card 1: DRTWO RED
Apr 2, 2013 11:38:37 AM practiceUno.Robot Decide
INFO: The top card was a special card. REVERSE GREEN
Apr 2, 2013 11:38:37 AM practiceUno.Robot Decide
INFO: In special for loop. Card 5 BLUE
Apr 2, 2013 11:38:37 AM practiceUno.Robot Decide
INFO: No special match
Apr 2, 2013 11:38:37 AM practiceUno.Robot Decide
INFO: In special for loop. Card DRTWO RED
Apr 2, 2013 11:38:37 AM practiceUno.Robot PlayAWild
INFO: Seeing if I have any wild cards in my hand
Apr 2, 2013 11:38:37 AM practiceUno.Robot Decide
INFO: Done deciding
Apr 2, 2013 11:38:37 AM practiceUno.Robot PlayAHand
INFO: decided 2
Apr 2, 2013 11:38:37 AM practiceUno.Robot PlayAHand
INFO: Need to draw a card
Apr 2, 2013 11:38:37 AM practiceUno.Robot Decide
INFO: Entering robot decide function
Apr 2, 2013 11:38:37 AM practiceUno.Robot Decide
INFO: I have 3 cards. 
Apr 2, 2013 11:38:37 AM practiceUno.Robot Decide
INFO: Card 0: 5 BLUE
Apr 2, 2013 11:38:37 AM practiceUno.Robot Decide
INFO: Card 1: DRTWO RED
Apr 2, 2013 11:38:37 AM practiceUno.Robot Decide
INFO: Card 2: WILDDRFOUR
Apr 2, 2013 11:38:37 AM practiceUno.Robot Decide
INFO: The top card was a special card. REVERSE GREEN
Apr 2, 2013 11:38:37 AM practiceUno.Robot Decide
INFO: In special for loop. Card 5 BLUE
Apr 2, 2013 11:38:37 AM practiceUno.Robot Decide
INFO: No special match
Apr 2, 2013 11:38:37 AM practiceUno.Robot Decide
INFO: In special for loop. Card DRTWO RED
Apr 2, 2013 11:38:37 AM practiceUno.Robot Decide
INFO: In special for loop. Card WILDDRFOUR
Apr 2, 2013 11:38:37 AM practiceUno.Robot Decide
INFO: No special match
Apr 2, 2013 11:38:37 AM practiceUno.Robot PlayAWild
INFO: Seeing if I have any wild cards in my hand
Apr 2, 2013 11:38:37 AM practiceUno.Robot Decide
INFO: Done deciding
Apr 2, 2013 11:38:37 AM practiceUno.Robot PlayAHand
INFO: Trying to play a card WILDDRFOUR REVERSE GREEN
Apr 2, 2013 11:38:37 AM practiceUno.Robot PlayAHand
INFO: Time for a wild card. Choosing yellow
Apr 2, 2013 11:38:37 AM practiceUno.Robot PlayAHand
INFO: Choose yellow
Apr 2, 2013 11:38:37 AM practiceUno.WildCard Wild
INFO: Call for wild called
Apr 2, 2013 11:38:37 AM practiceUno.Robot PlayAHand
INFO: Add to deck
Apr 2, 2013 11:38:37 AM practiceUno.Robot FindCard
INFO: looking at you card : WILDDRFOUR YELLOW
Apr 2, 2013 11:38:37 AM practiceUno.Robot FindCard
INFO: Is at 2
Apr 2, 2013 11:38:37 AM practiceUno.Robot PlayAHand
INFO: removed
Apr 2, 2013 11:38:37 AM practiceUno.Robot PlayAHand
INFO: End turn
]]></system-err>
</testsuite>
